[2026-04-09 16:10:04] Starting ClubHub sync
=== Starting ClubHub Sync ===
[Saanich] Starting scrape...
[Saanich] DB: 192 new, 485 updated
[Victoria] Starting Playwright scrape...
[Victoria] Direct page extraction found 150 events.
[Victoria] Loading widget...
[Victoria] Found 31 calendars to scan.
[Victoria] Normalized 52 events.
[Victoria] DB: 0 new, 52 updated
[Esquimalt] Starting Playwright scrape...
[Esquimalt] Loading widget...
[Esquimalt] Found 1 calendars to scan.
[Esquimalt] Normalized 19 events.
[Esquimalt] DB: 0 new, 19 updated
[Panorama] Starting Playwright scrape...
[Panorama] Direct page extraction found 52 events.
[Panorama] Loading widget...
[Panorama] Found 36 calendars to scan.
[Panorama] Normalized 35 events.
[Panorama] DB: 0 new, 35 updated
[Oak Bay] Starting Playwright scrape...
[Oak Bay] Direct page extraction found 32 events.
[Oak Bay] Loading widget...
[Oak Bay] Found 23 calendars to scan.
[Oak Bay] Normalized 26 events.
[Oak Bay] DB: 0 new, 26 updated
=== Sync Complete ===
[2026-04-09 16:12:30] ClubHub sync complete
